121119 145313 Game Restarted
121119 145313 Initialised exit save handler.
121119 145313 Dungeon Master Set as [DarkGod]
121119 145313 Timer delay 13 ms timer resolution is 1 ms
121119 145313 Initializing constants...
121119 145313 Initializing projections...
121119 145313 Initializing timed effects...
121119 145313 Initializing features...
121119 145313 Initializing wilderness feats...
121119 145313 Initializing wilderness info...
121119 145313 Initializing town feats...
121119 145313 Initializing towns...
121119 145313 Initializing dungeons...
121119 145313 Initializing object bases...
121119 145313 Initializing slays...
121119 145313 Initializing brands...
121119 145313 Initializing monster pain messages...
121119 145313 Initializing monster bases...
121119 145313 Initializing summons...
121119 145313 Initializing curses...
121119 145313 Initializing activations...
121119 145313 Initializing objects...
121119 145313 Initializing ego-items...
121119 145313 Initializing history charts...
121119 145313 Initializing bodies...
121119 145313 Initializing player races...
121119 145313 Initializing dragon breeds...
121119 145313 Initializing magic realms...
121119 145313 Initializing player classes...
121119 145313 Initializing artifacts...
121119 145313 Initializing object properties...
121119 145313 Initializing object power calculations...
121119 145313 Initializing blow methods...
121119 145313 Initializing blow effects...
121119 145313 Initializing monster spells...
121119 145313 Initializing monsters...
121119 145313 Initializing monster pits...
121119 145313 Initializing traps...
121119 145313 Initializing quests...
121119 145313 Initializing flavours...
121119 145313 Initializing socials...
121119 145313 Initializing hints...
121119 145313 Initializing random names...
121119 145313 Initializing dungeon profiles...
121119 145313 Initializing room templates...
121119 145313 Initializing vaults...
121119 145313 Initializing player presets...
121119 145313 Initializing other stuff...
121119 145313 Initializing randarts...
121119 145313 Initializing RNG...
121119 145313 Initialization complete
121119 145313 Please wait...
121119 145313 Server savefile does not exist.
121119 145314 Object flavors initialized...
121119 145314 Loading pref file: font.prf
121119 145314 Create TCP socket...
121119 145314 Set Non-Blocking...
121119 145314 Report to metaserver
121119 145314 Server is running version 1.3.0 (Build 6)
121119 145314 Timer delay 13 ms timer resolution is 1 ms
121119 150613 Welcome PowerWyrm=Builder@OFTPWIN1 (10.0.2.15) (version 1306)
121119 150745 New Level 0ft at (-21, 20)
121119 150745 Player Name is [PowerWyrm], id is 1
121119 150745 PowerWyrm: Server has fast wilderness.
121119 150745 PowerWyrm: Server is no-selling.
121119 150745 PowerWyrm: Server is no-ghost.
121119 150745 PowerWyrm: Server is running version 1.3.0 (Build 6)
121119 150745 PowerWyrm:   
121119 150745 PowerWyrm:    
121119 150745 PowerWyrm: ====================
121119 150745 PowerWyrm:   
121119 150745 PowerWyrm:    
121119 150829 PowerWyrm: Inscribing a Scroll of Word of Recall.
121119 150832 PowerWyrm: The air around you becomes charged...
121119 150832 PowerWyrm: You have no more Scrolls of Word of Recall {#R-9,37} (c).
121119 150834 PowerWyrm: You feel yourself yanked sideways!
121119 150834 New Level 0ft at (-9, 37)
121119 150836 PowerWyrm: You hit the singing, happy drunk.
121119 150836 PowerWyrm: You have slain the singing, happy drunk.
121119 150839 PowerWyrm: You hit the village idiot.
121119 150839 PowerWyrm: You hit the village idiot.
121119 150839 PowerWyrm: You have slain the village idiot.
121119 150847 PowerWyrm: You enter a maze of down staircases.
121119 150848 New Level 50ft at (-9, 37) Ratings obj:31/mon:24
121119 150848 PowerWyrm: This seems a quiet, peaceful place.
121119 150904 PowerWyrm: You enter a maze of up staircases.
121119 150904 New Level 0ft at (-9, 37)
121119 150904 PowerWyrm: You enter a maze of down staircases.
121119 150904 New Level 50ft at (-9, 37) Ratings obj:0/mon:40
121119 150904 PowerWyrm: This seems a quiet, peaceful place.
121119 150906 PowerWyrm: The soldier ant wakes up.
121119 150906 PowerWyrm: You miss the soldier ant.
121119 150906 PowerWyrm: You hit the soldier ant.
121119 150906 PowerWyrm: You have slain the soldier ant.
121119 150907 PowerWyrm: You enter a maze of up staircases.
121119 150908 New Level 0ft at (-9, 37)
121119 150908 PowerWyrm: You enter a maze of down staircases.
121119 150908 New Level 50ft at (-9, 37) Ratings obj:0/mon:32
121119 150908 PowerWyrm: This seems a quiet, peaceful place.
121119 150909 PowerWyrm: You enter a maze of up staircases.
121119 150909 New Level 0ft at (-9, 37)
121119 150909 PowerWyrm: You enter a maze of down staircases.
121119 150909 New Level 50ft at (-9, 37) Ratings obj:2/mon:21
121119 150909 PowerWyrm: This seems a quiet, peaceful place.
121119 150910 PowerWyrm: You enter a maze of up staircases.
121119 150910 New Level 0ft at (-9, 37)
121119 150910 PowerWyrm: You enter a maze of down staircases.
121119 150910 New Level 50ft at (-9, 37) Ratings obj:1/mon:25
121119 150910 PowerWyrm: This seems a quiet, peaceful place.
121119 150911 PowerWyrm: You enter a maze of up staircases.
121119 150911 New Level 0ft at (-9, 37)
121119 150911 PowerWyrm: You enter a maze of down staircases.
121119 150911 New Level 50ft at (-9, 37) Ratings obj:0/mon:33
121119 150911 PowerWyrm: This seems a quiet, peaceful place.
121119 150916 PowerWyrm: You enter a maze of down staircases.
121119 150916 New Level 100ft at (-9, 37) Ratings obj:3/mon:44
121119 150916 PowerWyrm: This seems a quiet, peaceful place.
121119 150916 PowerWyrm: You have found a secret door.
121119 150916 PowerWyrm: You have found a secret door.
121119 150917 PowerWyrm: You enter a maze of up staircases.
121119 150917 New Level 50ft at (-9, 37) Ratings obj:0/mon:20
121119 150917 PowerWyrm: This seems a quiet, peaceful place.
121119 150918 PowerWyrm: You enter a maze of down staircases.
121119 150918 New Level 100ft at (-9, 37) Ratings obj:2/mon:72
121119 150918 PowerWyrm: This seems a tame, sheltered place.
121119 150920 PowerWyrm: Find and kill 4 of the soldier race!
121119 150930 PowerWyrm: You enter a maze of up staircases.
121119 150930 New Level 50ft at (-9, 37) Ratings obj:20/mon:54
121119 150930 PowerWyrm: This seems a tame, sheltered place.
121119 150931 PowerWyrm: You enter a maze of down staircases.
121119 150931 New Level 100ft at (-9, 37) Ratings obj:27/mon:43
121119 150931 PowerWyrm: This seems a quiet, peaceful place.
121119 150931 PowerWyrm: You enter a maze of up staircases.
121119 150932 New Level 50ft at (-9, 37) Ratings obj:1/mon:18
121119 150932 PowerWyrm: This seems a quiet, peaceful place.
121119 150932 PowerWyrm: You enter a maze of down staircases.
121119 150932 New Level 100ft at (-9, 37) Ratings obj:4/mon:53
121119 150932 PowerWyrm: This seems a tame, sheltered place.
121119 150939 PowerWyrm: You hear a door burst open!
121119 150939 PowerWyrm: You enter a maze of up staircases.
121119 150939 New Level 50ft at (-9, 37) Ratings obj:2/mon:32
121119 150940 PowerWyrm: This seems a quiet, peaceful place.
121119 150940 PowerWyrm: You enter a maze of down staircases.
121119 150940 New Level 100ft at (-9, 37) Ratings obj:0/mon:47
121119 150940 PowerWyrm: This seems a quiet, peaceful place.
121119 150944 PowerWyrm: The blubbering icky thing wakes up.
121119 150944 PowerWyrm: You hit the blubbering icky thing.
121119 150944 PowerWyrm: You hit the blubbering icky thing.
121119 150944 PowerWyrm: You hit the blubbering icky thing.
121119 150944 PowerWyrm: You have slain the blubbering icky thing.
121119 150944 PowerWyrm: Welcome to level 2.
121119 150947 PowerWyrm: The blubbering icky thing wakes up.
121119 151013 PowerWyrm: You hit the blubbering icky thing.
121119 151013 PowerWyrm: You hit the blubbering icky thing.
121119 151013 PowerWyrm: You hit the blubbering icky thing.
121119 151013 PowerWyrm: The blubbering icky thing flees in terror!
121119 151016 PowerWyrm: The blubbering icky thing crawls on you.
121119 151016 PowerWyrm: You are poisoned!
121119 151016 PowerWyrm: The blubbering icky thing crawls on you.
121119 151016 PowerWyrm: You hit the blubbering icky thing.
121119 151016 PowerWyrm: You have slain the blubbering icky thing.
121119 151016 PowerWyrm: Welcome to level 3.
121119 151033 PowerWyrm: You are no longer poisoned.
121119 151058 PowerWyrm: You enter a maze of up staircases.
121119 151058 New Level 50ft at (-9, 37) Ratings obj:15/mon:29
121119 151058 PowerWyrm: This seems a quiet, peaceful place.
121119 151102 PowerWyrm: You feel the Sling on the ground is average...
121119 151102 PowerWyrm: You see a Sling (x2) (+0,+0).
121119 151105 PowerWyrm: You are shooting with a Sling (x2) (+0,+0) (b).
121119 151108 PowerWyrm: You enter a maze of down staircases.
121119 151108 New Level 100ft at (-9, 37) Ratings obj:0/mon:40
121119 151108 PowerWyrm: This seems a quiet, peaceful place.
121119 151111 PowerWyrm: You enter a maze of up staircases.
121119 151111 New Level 50ft at (-9, 37) Ratings obj:2/mon:21
121119 151111 PowerWyrm: This seems a quiet, peaceful place.
121119 151115 PowerWyrm: You see 4 Grey Potions.
121119 151116 PowerWyrm: You hit the rock lizard.
121119 151116 PowerWyrm: You hit the rock lizard.
121119 151116 PowerWyrm: You have slain the rock lizard.
121119 151117 PowerWyrm: You have 4 Grey Potions (c).
121119 151120 PowerWyrm: You enter a maze of down staircases.
121119 151120 New Level 100ft at (-9, 37) Ratings obj:2/mon:75
121119 151120 PowerWyrm: This seems a tame, sheltered place.
121119 151124 PowerWyrm: You hit Wolf, Farmer Maggot's Dog.
121119 151124 PowerWyrm: You hit Wolf, Farmer Maggot's Dog.
121119 151124 PowerWyrm: You hit Wolf, Farmer Maggot's Dog.
121119 151125 PowerWyrm: Wolf, Farmer Maggot's Dog bites you.
121119 151125 PowerWyrm: Wolf, Farmer Maggot's Dog bites you.
121119 151125 PowerWyrm: You miss Wolf, Farmer Maggot's Dog.
121119 151125 PowerWyrm: You hit Wolf, Farmer Maggot's Dog.
121119 151125 PowerWyrm: You hit Wolf, Farmer Maggot's Dog.
121119 151125 PowerWyrm: You have slain Wolf, Farmer Maggot's Dog.
121119 151125 PowerWyrm: Welcome to level 4.
121119 151127 PowerWyrm: You enter a maze of up staircases.
121119 151127 New Level 50ft at (-9, 37) Ratings obj:3/mon:20
121119 151127 PowerWyrm: This seems a quiet, peaceful place.
121119 151127 PowerWyrm: You enter a maze of down staircases.
121119 151127 New Level 100ft at (-9, 37) Ratings obj:0/mon:66
121119 151127 PowerWyrm: This seems a tame, sheltered place.
121119 151131 PowerWyrm: You enter a maze of down staircases.
121119 151131 New Level 150ft at (-9, 37) Ratings obj:16/mon:68
121119 151131 PowerWyrm: This seems a tame, sheltered place.
121119 151131 PowerWyrm: You enter a maze of up staircases.
121119 151131 New Level 100ft at (-9, 37) Ratings obj:3/mon:67
121119 151131 PowerWyrm: This seems a tame, sheltered place.
121119 151133 PowerWyrm: The metallic green centipede wakes up.
121119 151136 PowerWyrm: You hit the metallic green centipede.
121119 151136 PowerWyrm: You hit the metallic green centipede.
121119 151136 PowerWyrm: You have slain the metallic green centipede.
121119 151138 PowerWyrm: You feel the Wicker Shield on the ground is average...
121119 151138 PowerWyrm: You see a Wicker Shield [2,+0].
121119 151139 PowerWyrm: You are wearing a Wicker Shield [2,+0] (i).
121119 151144 PowerWyrm: You enter a maze of down staircases.
121119 151144 New Level 150ft at (-9, 37) Ratings obj:9/mon:49
121119 151144 PowerWyrm: This seems a quiet, peaceful place.
121119 151145 PowerWyrm: You enter a maze of up staircases.
121119 151145 Artifact the Set of Leather Gloves 'Cammithrim' created
121119 151145 New Level 100ft at (-9, 37) Ratings obj:13126/mon:42
121119 151145 PowerWyrm: This seems a quiet, peaceful place.
121119 151145 PowerWyrm: You enter a maze of down staircases.
121119 151145 New Level 150ft at (-9, 37) Ratings obj:374/mon:77
121119 151145 PowerWyrm: This seems a tame, sheltered place.
121119 151147 PowerWyrm: The insect swarm wakes up.
121119 151147 PowerWyrm: You miss the wild cat.
121119 151147 PowerWyrm: You hit the wild cat.
121119 151147 PowerWyrm: You hit the wild cat.
121119 151147 PowerWyrm: You have slain the wild cat.
121119 151148 PowerWyrm: The insect swarm bites you.
121119 151148 PowerWyrm: The insect swarm misses you.
121119 151148 PowerWyrm: You hit the insect swarm.
121119 151148 PowerWyrm: You have slain the insect swarm.
121119 151151 PowerWyrm: You enter a maze of down staircases.
121119 151151 New Level 200ft at (-9, 37) Ratings obj:1/mon:98
121119 151151 PowerWyrm: This seems a tame, sheltered place.
121119 151155 PowerWyrm: You hit the large brown snake.
121119 151155 PowerWyrm: You hit the large brown snake.
121119 151155 PowerWyrm: You hit the large brown snake.
121119 151155 PowerWyrm: You have slain the large brown snake.
121119 151201 PowerWyrm: You enter a maze of up staircases.
121119 151201 New Level 150ft at (-9, 37) Ratings obj:28/mon:40
121119 151201 PowerWyrm: This seems a quiet, peaceful place.
121119 151201 PowerWyrm: You have found a secret door.
121119 151202 PowerWyrm: You enter a maze of down staircases.
121119 151202 New Level 200ft at (-9, 37) Ratings obj:580/mon:61
121119 151202 PowerWyrm: This seems a tame, sheltered place.
121119 151203 PowerWyrm: The apprentice wakes up.
121119 151204 PowerWyrm: You hit the apprentice.
121119 151204 PowerWyrm: You hit the apprentice.
121119 151204 PowerWyrm: You hit the apprentice.
121119 151205 PowerWyrm: The apprentice hits you.
121119 151205 PowerWyrm: You hit the apprentice.
121119 151205 PowerWyrm: You have slain the apprentice.
121119 151205 PowerWyrm: You have found 68 gold pieces worth of copper.
121119 151206 PowerWyrm: The apprentice hits you.
121119 151206 PowerWyrm: You hit the apprentice.
121119 151206 PowerWyrm: You hit the apprentice.
121119 151206 PowerWyrm: You hit the apprentice.
121119 151206 PowerWyrm: You have slain the apprentice.
121119 151207 PowerWyrm: The apprentice misses you.
121119 151207 PowerWyrm: You hit the apprentice.
121119 151207 PowerWyrm: You hit the apprentice.
121119 151207 PowerWyrm: You hit the apprentice.
121119 151207 PowerWyrm: The apprentice flees in terror!
121119 151207 PowerWyrm: You hit the apprentice.
121119 151207 PowerWyrm: You have slain the apprentice.
121119 151208 PowerWyrm: You see a Human Skeleton.
121119 151216 PowerWyrm: The soldier wakes up.
121119 151217 PowerWyrm: You hit the soldier.
121119 151217 PowerWyrm: You hit the soldier.
121119 151217 PowerWyrm: You hit the soldier.
121119 151217 PowerWyrm: You hit the soldier.
121119 151218 PowerWyrm: You miss the soldier.
121119 151218 PowerWyrm: You hit the soldier.
121119 151218 PowerWyrm: You have slain the soldier.
121119 151218 PowerWyrm: 3 more to go!
121119 151219 PowerWyrm: You enter a maze of down staircases.
121119 151219 New Level 250ft at (-9, 37) Ratings obj:41/mon:91
121119 151219 PowerWyrm: This seems a tame, sheltered place.
121119 151220 PowerWyrm: You still need to kill 3 of the soldier race!
121119 151221 PowerWyrm: You enter a maze of up staircases.
121119 151221 New Level 200ft at (-9, 37) Ratings obj:5/mon:99
121119 151221 PowerWyrm: This seems a tame, sheltered place.
121119 151223 PowerWyrm: You enter a maze of down staircases.
121119 151223 New Level 250ft at (-9, 37) Ratings obj:20/mon:103
121119 151223 PowerWyrm: This seems a tame, sheltered place.
121119 151226 PowerWyrm: You have found 195 gold pieces worth of copper.
121119 151227 PowerWyrm: You miss the skeleton kobold.
121119 151227 PowerWyrm: You miss the skeleton kobold.
121119 151227 PowerWyrm: You hit the skeleton kobold.
121119 151227 PowerWyrm: The skeleton kobold misses you.
121119 151227 PowerWyrm: You hit the skeleton kobold.
121119 151227 PowerWyrm: You miss the skeleton kobold.
121119 151227 PowerWyrm: You hit the skeleton kobold.
121119 151227 PowerWyrm: You miss the skeleton kobold.
121119 151228 PowerWyrm: The skeleton kobold hits you.
121119 151228 PowerWyrm: You hit the skeleton kobold.
121119 151228 PowerWyrm: You have destroyed the skeleton kobold.
121119 151228 PowerWyrm: Welcome to level 5.
121119 151316 PowerWyrm: You feel much better.
121119 151316 PowerWyrm: You have 3 Potions of Cure Light Wounds (c).
121119 151316 PowerWyrm: You re-arrange your pack.
121119 151324 Goodbye PowerWyrm=Builder@OFTPWIN1 ("Client quit")
121119 151326 Shutting down.
121119 151326 Server state save succeeded!
121119 163128 Game Restarted
121119 163128 Initialised exit save handler.
121119 163128 Dungeon Master Set as [DarkGod]
121119 163128 Timer delay 13 ms timer resolution is 1 ms
121119 163128 Initializing constants...
121119 163128 Initializing projections...
121119 163128 Initializing timed effects...
121119 163128 Initializing features...
121119 163128 Initializing wilderness feats...
121119 163128 Initializing wilderness info...
121119 163128 Initializing town feats...
121119 163128 Initializing towns...
121119 163128 Initializing dungeons...
121119 163128 Initializing object bases...
121119 163128 Initializing slays...
121119 163128 Initializing brands...
121119 163128 Initializing monster pain messages...
121119 163128 Initializing monster bases...
121119 163128 Initializing summons...
121119 163128 Initializing curses...
121119 163128 Initializing activations...
121119 163128 Initializing objects...
121119 163129 Initializing ego-items...
121119 163129 Initializing history charts...
121119 163129 Initializing bodies...
121119 163129 Initializing player races...
121119 163129 Initializing dragon breeds...
121119 163129 Initializing magic realms...
121119 163129 Initializing player classes...
121119 163129 Initializing artifacts...
121119 163129 Initializing object properties...
121119 163129 Initializing object power calculations...
121119 163129 Initializing blow methods...
121119 163129 Initializing blow effects...
121119 163129 Initializing monster spells...
121119 163129 Initializing monsters...
121119 163129 Initializing monster pits...
121119 163129 Initializing traps...
121119 163129 Initializing quests...
121119 163129 Initializing flavours...
121119 163129 Initializing socials...
121119 163129 Initializing hints...
121119 163129 Initializing random names...
121119 163129 Initializing dungeon profiles...
121119 163129 Initializing room templates...
121119 163129 Initializing vaults...
121119 163129 Initializing player presets...
121119 163129 Initializing other stuff...
121119 163129 Initializing randarts...
121119 163129 Initializing RNG...
121119 163129 Initialization complete
121119 163129 Please wait...
121119 163129 Object flavors initialized...
121119 163129 Loading pref file: font.prf
121119 163129 Create TCP socket...
121119 163129 Set Non-Blocking...
121119 163129 Report to metaserver
121119 163129 Server is running version 1.3.0 (Build 6)
121119 163129 Timer delay 13 ms timer resolution is 1 ms
121119 163135 Welcome PowerWyrm=Builder@OFTPWIN1 (10.0.2.15) (version 1306)
121119 163136 Player Name is [PowerWyrm], id is 1
121119 163136 PowerWyrm: Server has fast wilderness.
121119 163136 PowerWyrm: Server is no-selling.
121119 163136 PowerWyrm: Server is no-ghost.
121119 163136 PowerWyrm: Server is running version 1.3.0 (Build 6)
121119 163136 PowerWyrm:   
121119 163136 PowerWyrm:    
121119 163136 PowerWyrm: ====================
121119 163136 PowerWyrm:   
121119 163136 PowerWyrm:    
121119 163136 PowerWyrm: This seems a tame, sheltered place.
121119 163205 PowerWyrm: You hear a door burst open!
121119 163212 PowerWyrm: You hit the large kobold.
121119 163212 PowerWyrm: You hit the large kobold.
121119 163212 PowerWyrm: You hit the large kobold.
121119 163212 PowerWyrm: The large kobold hits you.
121119 163212 PowerWyrm: You hit the large kobold.
121119 163212 PowerWyrm: You hit the large kobold.
121119 163212 PowerWyrm: You hit the large kobold.
121119 163213 PowerWyrm: The large kobold hits you.
121119 163213 PowerWyrm: You miss the large kobold.
121119 163213 PowerWyrm: You miss the large kobold.
121119 163213 PowerWyrm: You hit the large kobold.
121119 163214 PowerWyrm: The large kobold hits you.
121119 163214 PowerWyrm: You hit the large kobold.
121119 163214 PowerWyrm: You hit the large kobold.
121119 163214 PowerWyrm: You hit the large kobold.
121119 163214 PowerWyrm: You miss the large kobold.
121119 163214 PowerWyrm: The large kobold hits you.
121119 163214 PowerWyrm: *** LOW HITPOINT WARNING! ***
121119 163214 PowerWyrm: You miss the large kobold.
121119 163214 PowerWyrm: You hit the large kobold.
121119 163214 PowerWyrm: You miss the large kobold.
121119 163214 PowerWyrm: The large kobold flees in terror!
121119 163217 PowerWyrm: You miss the large kobold.
121119 163217 PowerWyrm: You hit the large kobold.
121119 163217 PowerWyrm: You have slain the large kobold.
121119 163217 PowerWyrm: Welcome to level 6.
121119 163253 PowerWyrm: You hear a door burst open!
121119 163256 PowerWyrm: You hit the soldier.
121119 163256 PowerWyrm: You miss the soldier.
121119 163256 PowerWyrm: You hit the soldier.
121119 163256 PowerWyrm: You hit the soldier.
121119 163257 PowerWyrm: You hit the soldier.
121119 163257 PowerWyrm: You hit the soldier.
121119 163257 PowerWyrm: You have slain the soldier.
121119 163257 PowerWyrm: 2 more to go!
121119 163303 PowerWyrm: The green naga picks up a Scroll titled "fensio posto".
121119 163303 PowerWyrm: You hit the green naga.
121119 163303 PowerWyrm: You hit the green naga.
121119 163303 PowerWyrm: You hit the green naga.
121119 163304 PowerWyrm: You hit the green naga.
121119 163304 PowerWyrm: You hit the green naga.
121119 163304 PowerWyrm: You miss the green naga.
121119 163304 PowerWyrm: You hit the green naga.
121119 163304 PowerWyrm: The green naga crushes you.
121119 163304 PowerWyrm: You have been stunned.
121119 163304 PowerWyrm: The green naga spits on you.
121119 163304 PowerWyrm: You are covered in acid!
121119 163304 PowerWyrm: You fail to harm the green naga.
121119 163304 PowerWyrm: You fail to harm the green naga.
121119 163304 PowerWyrm: You fail to harm the green naga.
121119 163305 PowerWyrm: The green naga crushes you.
121119 163305 PowerWyrm: *** LOW HITPOINT WARNING! ***
121119 163305 PowerWyrm: The green naga spits on you.
121119 163305 PowerWyrm: You are covered in acid!
121119 163305 PowerWyrm: Your Wicker Shield is damaged!
121119 163305 PowerWyrm: You fail to harm the green naga.
121119 163305 PowerWyrm: You miss the green naga.
121119 163305 PowerWyrm: You fail to harm the green naga.
121119 163308 PowerWyrm: The green naga crushes you.
121119 163308 PowerWyrm: You fail to harm the green naga.
121119 163308 PowerWyrm: You hit the green naga.
121119 163308 PowerWyrm: You miss the green naga.
121119 163308 PowerWyrm: You miss the green naga.
121119 163309 PowerWyrm: You are no longer stunned.
121119 163311 PowerWyrm: The green naga misses you.
121119 163311 PowerWyrm: The green naga spits on you.
121119 163311 PowerWyrm: You are covered in acid!
121119 163311 PowerWyrm: Your Wicker Shield is damaged!
121119 163311 PowerWyrm: You hit the green naga.
121119 163311 PowerWyrm: You miss the green naga.
121119 163311 PowerWyrm: You hit the green naga.
121119 163311 PowerWyrm: You have slain the green naga.
121119 163311 PowerWyrm: You feel something roll beneath your feet.
121119 163322 PowerWyrm: You see a Metallic Green Potion.
121119 163323 PowerWyrm: You have a Metallic Green Potion (d).
121119 163324 PowerWyrm: You have found 125 gold pieces worth of copper.
121119 163324 PowerWyrm: You see a Scroll titled "fensio posto".
121119 163325 PowerWyrm: You have a Scroll titled "fensio posto" (e).
121119 163325 PowerWyrm: You see a green naga corpse.
121119 163335 Shutting down.
121119 163335 Goodbye PowerWyrm=Builder@OFTPWIN1 ("Server shutdown (save succeeded)")
121119 163335 Server state save succeeded!
